<?xml version="1.0" encoding="UTF-8"?>
<!-- Generated by org.testng.reporters.JUnitXMLReporter -->
<testsuite hostname="DESKTOP-EU5RSED" ignored="0" name="Cos Cal Test" tests="4" failures="4" timestamp="2019-08-19T15:51:39 GMT+04:00" time="0.0" errors="0">
  <testcase name="CosTest" time="0.0" classname="com.epam.cdp.tests.CosCalTest">
    <failure type="java.lang.AssertionError" message="Invalid result of cos operation! did not expect to find [1.0] but found [0.0]">
      <![CDATA[java.lang.AssertionError: Invalid result of cos operation! did not expect to find [1.0] but found [0.0]
at com.epam.cdp.tests.CosCalTest.CosTest(CosCalTest.java:11)
at java.util.ArrayList.forEach(ArrayList.java:1257)
at com.epam.cdp.tests.testng.Runner.main(Runner.java:24)
... Removed 28 stack frames]]>
    </failure>
  </testcase> <!-- CosTest -->
  <testcase name="CosTest" time="0.0" classname="com.epam.cdp.tests.CosCalTest">
    <failure type="java.lang.AssertionError" message="Invalid result of cos operation! did not expect to find [0.5] but found [-0.3048106211022167]">
      <![CDATA[java.lang.AssertionError: Invalid result of cos operation! did not expect to find [0.5] but found [-0.3048106211022167]
at com.epam.cdp.tests.CosCalTest.CosTest(CosCalTest.java:11)
at java.util.ArrayList.forEach(ArrayList.java:1257)
at com.epam.cdp.tests.testng.Runner.main(Runner.java:24)
... Removed 28 stack frames]]>
    </failure>
  </testcase> <!-- CosTest -->
  <testcase name="CosTest" time="0.0" classname="com.epam.cdp.tests.CosCalTest">
    <failure type="java.lang.AssertionError" message="Invalid result of cos operation! did not expect to find [0.0] but found [0.8939966636005579]">
      <![CDATA[java.lang.AssertionError: Invalid result of cos operation! did not expect to find [0.0] but found [0.8939966636005579]
at com.epam.cdp.tests.CosCalTest.CosTest(CosCalTest.java:11)
at java.util.ArrayList.forEach(ArrayList.java:1257)
at com.epam.cdp.tests.testng.Runner.main(Runner.java:24)
... Removed 28 stack frames]]>
    </failure>
  </testcase> <!-- CosTest -->
  <testcase name="CosTest" time="0.0" classname="com.epam.cdp.tests.CosCalTest">
    <failure type="java.lang.AssertionError" message="Invalid result of cos operation! did not expect to find [-1.0] but found [-0.8011526357338304]">
      <![CDATA[java.lang.AssertionError: Invalid result of cos operation! did not expect to find [-1.0] but found [-0.8011526357338304]
at com.epam.cdp.tests.CosCalTest.CosTest(CosCalTest.java:11)
at java.util.ArrayList.forEach(ArrayList.java:1257)
at com.epam.cdp.tests.testng.Runner.main(Runner.java:24)
... Removed 28 stack frames]]>
    </failure>
  </testcase> <!-- CosTest -->
</testsuite> <!-- Cos Cal Test -->
