<?xml version="1.0" encoding="UTF-8"?>
<!-- Generated by org.testng.reporters.JUnitXMLReporter -->
<testsuite hostname="DESKTOP-EU5RSED" ignored="0" name="Ctg Cal Test" tests="3" failures="2" timestamp="2019-08-20T20:42:19 GMT+04:00" time="0.0" errors="0">
  <testcase name="TgTest" time="0.0" classname="com.epam.cdp.tests.testng.CtgCalTest"/>
  <testcase name="TgTest" time="0.0" classname="com.epam.cdp.tests.testng.CtgCalTest">
    <failure type="java.lang.AssertionError" message="Invalid result of ctg operation! did not expect to find [0.0] but found [1.0]">
      <![CDATA[java.lang.AssertionError: Invalid result of ctg operation! did not expect to find [0.0] but found [1.0]
at com.epam.cdp.tests.testng.CtgCalTest.TgTest(CtgCalTest.java:11)
at java.util.ArrayList.forEach(ArrayList.java:1257)
at com.epam.cdp.tests.testng.Runner.main(Runner.java:24)
... Removed 28 stack frames]]>
    </failure>
  </testcase> <!-- TgTest -->
  <testcase name="TgTest" time="0.0" classname="com.epam.cdp.tests.testng.CtgCalTest">
    <failure type="java.lang.AssertionError" message="Invalid result of ctg operation! did not expect to find [0.0] but found [1.0]">
      <![CDATA[java.lang.AssertionError: Invalid result of ctg operation! did not expect to find [0.0] but found [1.0]
at com.epam.cdp.tests.testng.CtgCalTest.TgTest(CtgCalTest.java:11)
at java.util.ArrayList.forEach(ArrayList.java:1257)
at com.epam.cdp.tests.testng.Runner.main(Runner.java:24)
... Removed 28 stack frames]]>
    </failure>
  </testcase> <!-- TgTest -->
</testsuite> <!-- Ctg Cal Test -->
