<?xml version="1.0" encoding="UTF-8"?>
<!-- Generated by org.testng.reporters.JUnitXMLReporter -->
<testsuite hostname="DESKTOP-EU5RSED" ignored="0" name="Pow Cal Test" tests="4" failures="4" timestamp="2019-08-19T15:51:40 GMT+04:00" time="0.0" errors="0">
  <testcase name="PowTest" time="0.0" classname="com.epam.cdp.tests.PowCalTest">
    <failure type="java.lang.AssertionError" message="Invalid result of pow operation! did not expect to find [33.0] but found [1.0000000000000001E23]">
      <![CDATA[java.lang.AssertionError: Invalid result of pow operation! did not expect to find [33.0] but found [1.0000000000000001E23]
at com.epam.cdp.tests.PowCalTest.PowTest(PowCalTest.java:11)
at java.util.ArrayList.forEach(ArrayList.java:1257)
at com.epam.cdp.tests.testng.Runner.main(Runner.java:24)
... Removed 28 stack frames]]>
    </failure>
  </testcase> <!-- PowTest -->
  <testcase name="PowTest" time="0.0" classname="com.epam.cdp.tests.PowCalTest">
    <failure type="java.lang.AssertionError" message="Invalid result of pow operation! did not expect to find [9.0] but found [0.1]">
      <![CDATA[java.lang.AssertionError: Invalid result of pow operation! did not expect to find [9.0] but found [0.1]
at com.epam.cdp.tests.PowCalTest.PowTest(PowCalTest.java:11)
at java.util.ArrayList.forEach(ArrayList.java:1257)
at com.epam.cdp.tests.testng.Runner.main(Runner.java:24)
... Removed 28 stack frames]]>
    </failure>
  </testcase> <!-- PowTest -->
  <testcase name="PowTest" time="0.0" classname="com.epam.cdp.tests.PowCalTest">
    <failure type="java.lang.AssertionError" message="Invalid result of pow operation! did not expect to find [0.0] but found [1.0]">
      <![CDATA[java.lang.AssertionError: Invalid result of pow operation! did not expect to find [0.0] but found [1.0]
at com.epam.cdp.tests.PowCalTest.PowTest(PowCalTest.java:11)
at java.util.ArrayList.forEach(ArrayList.java:1257)
at com.epam.cdp.tests.testng.Runner.main(Runner.java:24)
... Removed 28 stack frames]]>
    </failure>
  </testcase> <!-- PowTest -->
  <testcase name="PowTest" time="0.0" classname="com.epam.cdp.tests.PowCalTest">
    <failure type="java.lang.AssertionError" message="Invalid result of pow operation! did not expect to find [9.0] but found [1.0]">
      <![CDATA[java.lang.AssertionError: Invalid result of pow operation! did not expect to find [9.0] but found [1.0]
at com.epam.cdp.tests.PowCalTest.PowTest(PowCalTest.java:11)
at java.util.ArrayList.forEach(ArrayList.java:1257)
at com.epam.cdp.tests.testng.Runner.main(Runner.java:24)
... Removed 28 stack frames]]>
    </failure>
  </testcase> <!-- PowTest -->
</testsuite> <!-- Pow Cal Test -->
