<?xml version="1.0" encoding="UTF-8"?>
<!-- Generated by org.testng.reporters.JUnitXMLReporter -->
<testsuite hostname="DESKTOP-EU5RSED" ignored="0" name="Sin Cal Test" tests="4" failures="3" timestamp="2019-08-19T15:51:40 GMT+04:00" time="0.0" errors="0">
  <testcase name="SinTest" time="0.0" classname="com.epam.cdp.tests.SinCalTest"/>
  <testcase name="SinTest" time="0.0" classname="com.epam.cdp.tests.SinCalTest">
    <failure type="java.lang.AssertionError" message="Invalid result of sin operation! did not expect to find [0.5] but found [-0.9880316240928618]">
      <![CDATA[java.lang.AssertionError: Invalid result of sin operation! did not expect to find [0.5] but found [-0.9880316240928618]
at com.epam.cdp.tests.SinCalTest.SinTest(SinCalTest.java:11)
at java.util.ArrayList.forEach(ArrayList.java:1257)
at com.epam.cdp.tests.testng.Runner.main(Runner.java:24)
... Removed 28 stack frames]]>
    </failure>
  </testcase> <!-- SinTest -->
  <testcase name="SinTest" time="0.0" classname="com.epam.cdp.tests.SinCalTest">
    <failure type="java.lang.AssertionError" message="Invalid result of sin operation! did not expect to find [1.0] but found [0.8939966636005579]">
      <![CDATA[java.lang.AssertionError: Invalid result of sin operation! did not expect to find [1.0] but found [0.8939966636005579]
at com.epam.cdp.tests.SinCalTest.SinTest(SinCalTest.java:11)
at java.util.ArrayList.forEach(ArrayList.java:1257)
at com.epam.cdp.tests.testng.Runner.main(Runner.java:24)
... Removed 28 stack frames]]>
    </failure>
  </testcase> <!-- SinTest -->
  <testcase name="SinTest" time="0.0" classname="com.epam.cdp.tests.SinCalTest">
    <failure type="java.lang.AssertionError" message="Invalid result of sin operation! did not expect to find [-1.0] but found [-0.1760459464712114]">
      <![CDATA[java.lang.AssertionError: Invalid result of sin operation! did not expect to find [-1.0] but found [-0.1760459464712114]
at com.epam.cdp.tests.SinCalTest.SinTest(SinCalTest.java:11)
at java.util.ArrayList.forEach(ArrayList.java:1257)
at com.epam.cdp.tests.testng.Runner.main(Runner.java:24)
... Removed 28 stack frames]]>
    </failure>
  </testcase> <!-- SinTest -->
</testsuite> <!-- Sin Cal Test -->
