<html>
<head>
<title>TestNG:  Sqrt Cal Test</title>
<link href="../testng.css" rel="stylesheet" type="text/css" />
<link href="../my-testng.css" rel="stylesheet" type="text/css" />

<style type="text/css">
.log { display: none;} 
.stack-trace { display: none;} 
</style>
<script type="text/javascript">
<!--
function flip(e) {
  current = e.style.display;
  if (current == 'block') {
    e.style.display = 'none';
    return 0;
  }
  else {
    e.style.display = 'block';
    return 1;
  }
}

function toggleBox(szDivId, elem, msg1, msg2)
{
  var res = -1;  if (document.getElementById) {
    res = flip(document.getElementById(szDivId));
  }
  else if (document.all) {
    // this is the way old msie versions work
    res = flip(document.all[szDivId]);
  }
  if(elem) {
    if(res == 0) elem.innerHTML = msg1; else elem.innerHTML = msg2;
  }

}

function toggleAllBoxes() {
  if (document.getElementsByTagName) {
    d = document.getElementsByTagName('div');
    for (i = 0; i < d.length; i++) {
      if (d[i].className == 'log') {
        flip(d[i]);
      }
    }
  }
}

// -->
</script>

</head>
<body>
<h2 align='center'>Sqrt Cal Test</h2><table border='1' align="center">
<tr>
<td>Tests passed/Failed/Skipped:</td><td>4/0/0</td>
</tr><tr>
<td>Started on:</td><td>Mon Aug 19 15:51:40 GMT+04:00 2019</td>
</tr>
<tr><td>Total time:</td><td>0 seconds (0 ms)</td>
</tr><tr>
<td>Included groups:</td><td></td>
</tr><tr>
<td>Excluded groups:</td><td></td>
</tr>
</table><p/>
<small><i>(Hover the method name to see the test class name)</i></small><p/>
<table width='100%' border='1' class='invocation-failed'>
<tr><td colspan='4' align='center'><b>FAILED TESTS</b></td></tr>
<tr><td><b>Test method</b></td>
<td width="30%"><b>Exception</b></td>
<td width="10%"><b>Time (seconds)</b></td>
<td><b>Instance</b></td>
</tr>
<tr>
<td title='com.epam.cdp.tests.CosCalTest.CosTest()'><b>CosTest</b><br>Test class: com.epam.cdp.tests.CosCalTest<br>Parameters: 0, 1</td>
<td><div><pre>java.lang.AssertionError: Invalid result of cos operation! did not expect to find [1.0] but found [0.0]
	at com.epam.cdp.tests.CosCalTest.CosTest(CosCalTest.java:11)
	at java.util.ArrayList.forEach(ArrayList.java:1257)
	at com.epam.cdp.tests.testng.Runner.main(Runner.java:24)
... Removed 28 stack frames</pre></div><a href='#' onClick='toggleBox("stack-trace15651673", this, "Click to show all stack frames", "Click to hide stack frames")'>Click to show all stack frames</a>
<div class='stack-trace' id='stack-trace15651673'><pre>java.lang.AssertionError: Invalid result of cos operation! did not expect to find [1.0] but found [0.0]
	at org.testng.Assert.fail(Assert.java:97)
	at org.testng.Assert.failNotEquals(Assert.java:969)
	at org.testng.Assert.assertEquals(Assert.java:640)
	at com.epam.cdp.tests.CosCalTest.CosTest(CosCalTest.java:11)
	at sun.reflect.NativeMethodAccessorImpl.invoke0(Native Method)
	at sun.reflect.NativeMethodAccessorImpl.invoke(NativeMethodAccessorImpl.java:62)
	at sun.reflect.DelegatingMethodAccessorImpl.invoke(DelegatingMethodAccessorImpl.java:43)
	at java.lang.reflect.Method.invoke(Method.java:498)
	at org.testng.internal.MethodInvocationHelper.invokeMethod(MethodInvocationHelper.java:133)
	at org.testng.internal.TestInvoker.invokeMethod(TestInvoker.java:584)
	at org.testng.internal.TestInvoker.invokeTestMethod(TestInvoker.java:172)
	at org.testng.internal.MethodRunner.runInSequence(MethodRunner.java:46)
	at org.testng.internal.TestInvoker$MethodInvocationAgent.invoke(TestInvoker.java:804)
	at org.testng.internal.TestInvoker.invokeTestMethods(TestInvoker.java:145)
	at org.testng.internal.TestMethodWorker.invokeTestMethods(TestMethodWorker.java:146)
	at org.testng.internal.TestMethodWorker.run(TestMethodWorker.java:128)
	at java.util.ArrayList.forEach(ArrayList.java:1257)
	at org.testng.TestRunner.privateRun(TestRunner.java:770)
	at org.testng.TestRunner.run(TestRunner.java:591)
	at org.testng.SuiteRunner.runTest(SuiteRunner.java:402)
	at org.testng.SuiteRunner.runSequentially(SuiteRunner.java:396)
	at org.testng.SuiteRunner.privateRun(SuiteRunner.java:355)
	at org.testng.SuiteRunner.run(SuiteRunner.java:304)
	at org.testng.SuiteRunnerWorker.runSuite(SuiteRunnerWorker.java:53)
	at org.testng.SuiteRunnerWorker.run(SuiteRunnerWorker.java:96)
	at org.testng.TestNG.runSuitesSequentially(TestNG.java:1180)
	at org.testng.TestNG.runSuitesSequentially(TestNG.java:1175)
	at org.testng.TestNG.runSuitesLocally(TestNG.java:1102)
	at org.testng.TestNG.runSuites(TestNG.java:1032)
	at org.testng.TestNG.run(TestNG.java:1000)
	at com.epam.cdp.tests.testng.Runner.main(Runner.java:24)
</pre></div></td>
<td>0</td>
<td>com.epam.cdp.tests.CosCalTest@1b6a447</td></tr>
<tr>
<td title='com.epam.cdp.tests.CosCalTest.CosTest()'><b>CosTest</b><br>Test class: com.epam.cdp.tests.CosCalTest<br>Parameters: 60, 0.5</td>
<td><div><pre>java.lang.AssertionError: Invalid result of cos operation! did not expect to find [0.5] but found [-0.3048106211022167]
	at com.epam.cdp.tests.CosCalTest.CosTest(CosCalTest.java:11)
	at java.util.ArrayList.forEach(ArrayList.java:1257)
	at com.epam.cdp.tests.testng.Runner.main(Runner.java:24)
... Removed 28 stack frames</pre></div><a href='#' onClick='toggleBox("stack-trace10162192", this, "Click to show all stack frames", "Click to hide stack frames")'>Click to show all stack frames</a>
<div class='stack-trace' id='stack-trace10162192'><pre>java.lang.AssertionError: Invalid result of cos operation! did not expect to find [0.5] but found [-0.3048106211022167]
	at org.testng.Assert.fail(Assert.java:97)
	at org.testng.Assert.failNotEquals(Assert.java:969)
	at org.testng.Assert.assertEquals(Assert.java:640)
	at com.epam.cdp.tests.CosCalTest.CosTest(CosCalTest.java:11)
	at sun.reflect.NativeMethodAccessorImpl.invoke0(Native Method)
	at sun.reflect.NativeMethodAccessorImpl.invoke(NativeMethodAccessorImpl.java:62)
	at sun.reflect.DelegatingMethodAccessorImpl.invoke(DelegatingMethodAccessorImpl.java:43)
	at java.lang.reflect.Method.invoke(Method.java:498)
	at org.testng.internal.MethodInvocationHelper.invokeMethod(MethodInvocationHelper.java:133)
	at org.testng.internal.TestInvoker.invokeMethod(TestInvoker.java:584)
	at org.testng.internal.TestInvoker.invokeTestMethod(TestInvoker.java:172)
	at org.testng.internal.MethodRunner.runInSequence(MethodRunner.java:46)
	at org.testng.internal.TestInvoker$MethodInvocationAgent.invoke(TestInvoker.java:804)
	at org.testng.internal.TestInvoker.invokeTestMethods(TestInvoker.java:145)
	at org.testng.internal.TestMethodWorker.invokeTestMethods(TestMethodWorker.java:146)
	at org.testng.internal.TestMethodWorker.run(TestMethodWorker.java:128)
	at java.util.ArrayList.forEach(ArrayList.java:1257)
	at org.testng.TestRunner.privateRun(TestRunner.java:770)
	at org.testng.TestRunner.run(TestRunner.java:591)
	at org.testng.SuiteRunner.runTest(SuiteRunner.java:402)
	at org.testng.SuiteRunner.runSequentially(SuiteRunner.java:396)
	at org.testng.SuiteRunner.privateRun(SuiteRunner.java:355)
	at org.testng.SuiteRunner.run(SuiteRunner.java:304)
	at org.testng.SuiteRunnerWorker.runSuite(SuiteRunnerWorker.java:53)
	at org.testng.SuiteRunnerWorker.run(SuiteRunnerWorker.java:96)
	at org.testng.TestNG.runSuitesSequentially(TestNG.java:1180)
	at org.testng.TestNG.runSuitesSequentially(TestNG.java:1175)
	at org.testng.TestNG.runSuitesLocally(TestNG.java:1102)
	at org.testng.TestNG.runSuites(TestNG.java:1032)
	at org.testng.TestNG.run(TestNG.java:1000)
	at com.epam.cdp.tests.testng.Runner.main(Runner.java:24)
</pre></div></td>
<td>0</td>
<td>com.epam.cdp.tests.CosCalTest@1b6a447</td></tr>
<tr>
<td title='com.epam.cdp.tests.CosCalTest.CosTest()'><b>CosTest</b><br>Test class: com.epam.cdp.tests.CosCalTest<br>Parameters: 90, 0</td>
<td><div><pre>java.lang.AssertionError: Invalid result of cos operation! did not expect to find [0.0] but found [0.8939966636005579]
	at com.epam.cdp.tests.CosCalTest.CosTest(CosCalTest.java:11)
	at java.util.ArrayList.forEach(ArrayList.java:1257)
	at com.epam.cdp.tests.testng.Runner.main(Runner.java:24)
... Removed 28 stack frames</pre></div><a href='#' onClick='toggleBox("stack-trace3606707", this, "Click to show all stack frames", "Click to hide stack frames")'>Click to show all stack frames</a>
<div class='stack-trace' id='stack-trace3606707'><pre>java.lang.AssertionError: Invalid result of cos operation! did not expect to find [0.0] but found [0.8939966636005579]
	at org.testng.Assert.fail(Assert.java:97)
	at org.testng.Assert.failNotEquals(Assert.java:969)
	at org.testng.Assert.assertEquals(Assert.java:640)
	at com.epam.cdp.tests.CosCalTest.CosTest(CosCalTest.java:11)
	at sun.reflect.NativeMethodAccessorImpl.invoke0(Native Method)
	at sun.reflect.NativeMethodAccessorImpl.invoke(NativeMethodAccessorImpl.java:62)
	at sun.reflect.DelegatingMethodAccessorImpl.invoke(DelegatingMethodAccessorImpl.java:43)
	at java.lang.reflect.Method.invoke(Method.java:498)
	at org.testng.internal.MethodInvocationHelper.invokeMethod(MethodInvocationHelper.java:133)
	at org.testng.internal.TestInvoker.invokeMethod(TestInvoker.java:584)
	at org.testng.internal.TestInvoker.invokeTestMethod(TestInvoker.java:172)
	at org.testng.internal.MethodRunner.runInSequence(MethodRunner.java:46)
	at org.testng.internal.TestInvoker$MethodInvocationAgent.invoke(TestInvoker.java:804)
	at org.testng.internal.TestInvoker.invokeTestMethods(TestInvoker.java:145)
	at org.testng.internal.TestMethodWorker.invokeTestMethods(TestMethodWorker.java:146)
	at org.testng.internal.TestMethodWorker.run(TestMethodWorker.java:128)
	at java.util.ArrayList.forEach(ArrayList.java:1257)
	at org.testng.TestRunner.privateRun(TestRunner.java:770)
	at org.testng.TestRunner.run(TestRunner.java:591)
	at org.testng.SuiteRunner.runTest(SuiteRunner.java:402)
	at org.testng.SuiteRunner.runSequentially(SuiteRunner.java:396)
	at org.testng.SuiteRunner.privateRun(SuiteRunner.java:355)
	at org.testng.SuiteRunner.run(SuiteRunner.java:304)
	at org.testng.SuiteRunnerWorker.runSuite(SuiteRunnerWorker.java:53)
	at org.testng.SuiteRunnerWorker.run(SuiteRunnerWorker.java:96)
	at org.testng.TestNG.runSuitesSequentially(TestNG.java:1180)
	at org.testng.TestNG.runSuitesSequentially(TestNG.java:1175)
	at org.testng.TestNG.runSuitesLocally(TestNG.java:1102)
	at org.testng.TestNG.runSuites(TestNG.java:1032)
	at org.testng.TestNG.run(TestNG.java:1000)
	at com.epam.cdp.tests.testng.Runner.main(Runner.java:24)
</pre></div></td>
<td>0</td>
<td>com.epam.cdp.tests.CosCalTest@1b6a447</td></tr>
<tr>
<td title='com.epam.cdp.tests.CosCalTest.CosTest()'><b>CosTest</b><br>Test class: com.epam.cdp.tests.CosCalTest<br>Parameters: 180, -1</td>
<td><div><pre>java.lang.AssertionError: Invalid result of cos operation! did not expect to find [-1.0] but found [-0.8011526357338304]
	at com.epam.cdp.tests.CosCalTest.CosTest(CosCalTest.java:11)
	at java.util.ArrayList.forEach(ArrayList.java:1257)
	at com.epam.cdp.tests.testng.Runner.main(Runner.java:24)
... Removed 28 stack frames</pre></div><a href='#' onClick='toggleBox("stack-trace18856471", this, "Click to show all stack frames", "Click to hide stack frames")'>Click to show all stack frames</a>
<div class='stack-trace' id='stack-trace18856471'><pre>java.lang.AssertionError: Invalid result of cos operation! did not expect to find [-1.0] but found [-0.8011526357338304]
	at org.testng.Assert.fail(Assert.java:97)
	at org.testng.Assert.failNotEquals(Assert.java:969)
	at org.testng.Assert.assertEquals(Assert.java:640)
	at com.epam.cdp.tests.CosCalTest.CosTest(CosCalTest.java:11)
	at sun.reflect.NativeMethodAccessorImpl.invoke0(Native Method)
	at sun.reflect.NativeMethodAccessorImpl.invoke(NativeMethodAccessorImpl.java:62)
	at sun.reflect.DelegatingMethodAccessorImpl.invoke(DelegatingMethodAccessorImpl.java:43)
	at java.lang.reflect.Method.invoke(Method.java:498)
	at org.testng.internal.MethodInvocationHelper.invokeMethod(MethodInvocationHelper.java:133)
	at org.testng.internal.TestInvoker.invokeMethod(TestInvoker.java:584)
	at org.testng.internal.TestInvoker.invokeTestMethod(TestInvoker.java:172)
	at org.testng.internal.MethodRunner.runInSequence(MethodRunner.java:46)
	at org.testng.internal.TestInvoker$MethodInvocationAgent.invoke(TestInvoker.java:804)
	at org.testng.internal.TestInvoker.invokeTestMethods(TestInvoker.java:145)
	at org.testng.internal.TestMethodWorker.invokeTestMethods(TestMethodWorker.java:146)
	at org.testng.internal.TestMethodWorker.run(TestMethodWorker.java:128)
	at java.util.ArrayList.forEach(ArrayList.java:1257)
	at org.testng.TestRunner.privateRun(TestRunner.java:770)
	at org.testng.TestRunner.run(TestRunner.java:591)
	at org.testng.SuiteRunner.runTest(SuiteRunner.java:402)
	at org.testng.SuiteRunner.runSequentially(SuiteRunner.java:396)
	at org.testng.SuiteRunner.privateRun(SuiteRunner.java:355)
	at org.testng.SuiteRunner.run(SuiteRunner.java:304)
	at org.testng.SuiteRunnerWorker.runSuite(SuiteRunnerWorker.java:53)
	at org.testng.SuiteRunnerWorker.run(SuiteRunnerWorker.java:96)
	at org.testng.TestNG.runSuitesSequentially(TestNG.java:1180)
	at org.testng.TestNG.runSuitesSequentially(TestNG.java:1175)
	at org.testng.TestNG.runSuitesLocally(TestNG.java:1102)
	at org.testng.TestNG.runSuites(TestNG.java:1032)
	at org.testng.TestNG.run(TestNG.java:1000)
	at com.epam.cdp.tests.testng.Runner.main(Runner.java:24)
</pre></div></td>
<td>0</td>
<td>com.epam.cdp.tests.CosCalTest@1b6a447</td></tr>
<tr>
<td title='com.epam.cdp.tests.PowCalTest.PowTest()'><b>PowTest</b><br>Test class: com.epam.cdp.tests.PowCalTest<br>Parameters: 10, 23, 33</td>
<td><div><pre>java.lang.AssertionError: Invalid result of pow operation! did not expect to find [33.0] but found [1.0000000000000001E23]
	at com.epam.cdp.tests.PowCalTest.PowTest(PowCalTest.java:11)
	at java.util.ArrayList.forEach(ArrayList.java:1257)
	at com.epam.cdp.tests.testng.Runner.main(Runner.java:24)
... Removed 28 stack frames</pre></div><a href='#' onClick='toggleBox("stack-trace29856341", this, "Click to show all stack frames", "Click to hide stack frames")'>Click to show all stack frames</a>
<div class='stack-trace' id='stack-trace29856341'><pre>java.lang.AssertionError: Invalid result of pow operation! did not expect to find [33.0] but found [1.0000000000000001E23]
	at org.testng.Assert.fail(Assert.java:97)
	at org.testng.Assert.failNotEquals(Assert.java:969)
	at org.testng.Assert.assertEquals(Assert.java:640)
	at com.epam.cdp.tests.PowCalTest.PowTest(PowCalTest.java:11)
	at sun.reflect.NativeMethodAccessorImpl.invoke0(Native Method)
	at sun.reflect.NativeMethodAccessorImpl.invoke(NativeMethodAccessorImpl.java:62)
	at sun.reflect.DelegatingMethodAccessorImpl.invoke(DelegatingMethodAccessorImpl.java:43)
	at java.lang.reflect.Method.invoke(Method.java:498)
	at org.testng.internal.MethodInvocationHelper.invokeMethod(MethodInvocationHelper.java:133)
	at org.testng.internal.TestInvoker.invokeMethod(TestInvoker.java:584)
	at org.testng.internal.TestInvoker.invokeTestMethod(TestInvoker.java:172)
	at org.testng.internal.MethodRunner.runInSequence(MethodRunner.java:46)
	at org.testng.internal.TestInvoker$MethodInvocationAgent.invoke(TestInvoker.java:804)
	at org.testng.internal.TestInvoker.invokeTestMethods(TestInvoker.java:145)
	at org.testng.internal.TestMethodWorker.invokeTestMethods(TestMethodWorker.java:146)
	at org.testng.internal.TestMethodWorker.run(TestMethodWorker.java:128)
	at java.util.ArrayList.forEach(ArrayList.java:1257)
	at org.testng.TestRunner.privateRun(TestRunner.java:770)
	at org.testng.TestRunner.run(TestRunner.java:591)
	at org.testng.SuiteRunner.runTest(SuiteRunner.java:402)
	at org.testng.SuiteRunner.runSequentially(SuiteRunner.java:396)
	at org.testng.SuiteRunner.privateRun(SuiteRunner.java:355)
	at org.testng.SuiteRunner.run(SuiteRunner.java:304)
	at org.testng.SuiteRunnerWorker.runSuite(SuiteRunnerWorker.java:53)
	at org.testng.SuiteRunnerWorker.run(SuiteRunnerWorker.java:96)
	at org.testng.TestNG.runSuitesSequentially(TestNG.java:1180)
	at org.testng.TestNG.runSuitesSequentially(TestNG.java:1175)
	at org.testng.TestNG.runSuitesLocally(TestNG.java:1102)
	at org.testng.TestNG.runSuites(TestNG.java:1032)
	at org.testng.TestNG.run(TestNG.java:1000)
	at com.epam.cdp.tests.testng.Runner.main(Runner.java:24)
</pre></div></td>
<td>0</td>
<td>com.epam.cdp.tests.PowCalTest@1b52d12</td></tr>
<tr>
<td title='com.epam.cdp.tests.PowCalTest.PowTest()'><b>PowTest</b><br>Test class: com.epam.cdp.tests.PowCalTest<br>Parameters: 10, -1, 9</td>
<td><div><pre>java.lang.AssertionError: Invalid result of pow operation! did not expect to find [9.0] but found [0.1]
	at com.epam.cdp.tests.PowCalTest.PowTest(PowCalTest.java:11)
	at java.util.ArrayList.forEach(ArrayList.java:1257)
	at com.epam.cdp.tests.testng.Runner.main(Runner.java:24)
... Removed 28 stack frames</pre></div><a href='#' onClick='toggleBox("stack-trace32478861", this, "Click to show all stack frames", "Click to hide stack frames")'>Click to show all stack frames</a>
<div class='stack-trace' id='stack-trace32478861'><pre>java.lang.AssertionError: Invalid result of pow operation! did not expect to find [9.0] but found [0.1]
	at org.testng.Assert.fail(Assert.java:97)
	at org.testng.Assert.failNotEquals(Assert.java:969)
	at org.testng.Assert.assertEquals(Assert.java:640)
	at com.epam.cdp.tests.PowCalTest.PowTest(PowCalTest.java:11)
	at sun.reflect.NativeMethodAccessorImpl.invoke0(Native Method)
	at sun.reflect.NativeMethodAccessorImpl.invoke(NativeMethodAccessorImpl.java:62)
	at sun.reflect.DelegatingMethodAccessorImpl.invoke(DelegatingMethodAccessorImpl.java:43)
	at java.lang.reflect.Method.invoke(Method.java:498)
	at org.testng.internal.MethodInvocationHelper.invokeMethod(MethodInvocationHelper.java:133)
	at org.testng.internal.TestInvoker.invokeMethod(TestInvoker.java:584)
	at org.testng.internal.TestInvoker.invokeTestMethod(TestInvoker.java:172)
	at org.testng.internal.MethodRunner.runInSequence(MethodRunner.java:46)
	at org.testng.internal.TestInvoker$MethodInvocationAgent.invoke(TestInvoker.java:804)
	at org.testng.internal.TestInvoker.invokeTestMethods(TestInvoker.java:145)
	at org.testng.internal.TestMethodWorker.invokeTestMethods(TestMethodWorker.java:146)
	at org.testng.internal.TestMethodWorker.run(TestMethodWorker.java:128)
	at java.util.ArrayList.forEach(ArrayList.java:1257)
	at org.testng.TestRunner.privateRun(TestRunner.java:770)
	at org.testng.TestRunner.run(TestRunner.java:591)
	at org.testng.SuiteRunner.runTest(SuiteRunner.java:402)
	at org.testng.SuiteRunner.runSequentially(SuiteRunner.java:396)
	at org.testng.SuiteRunner.privateRun(SuiteRunner.java:355)
	at org.testng.SuiteRunner.run(SuiteRunner.java:304)
	at org.testng.SuiteRunnerWorker.runSuite(SuiteRunnerWorker.java:53)
	at org.testng.SuiteRunnerWorker.run(SuiteRunnerWorker.java:96)
	at org.testng.TestNG.runSuitesSequentially(TestNG.java:1180)
	at org.testng.TestNG.runSuitesSequentially(TestNG.java:1175)
	at org.testng.TestNG.runSuitesLocally(TestNG.java:1102)
	at org.testng.TestNG.runSuites(TestNG.java:1032)
	at org.testng.TestNG.run(TestNG.java:1000)
	at com.epam.cdp.tests.testng.Runner.main(Runner.java:24)
</pre></div></td>
<td>0</td>
<td>com.epam.cdp.tests.PowCalTest@1b52d12</td></tr>
<tr>
<td title='com.epam.cdp.tests.PowCalTest.PowTest()'><b>PowTest</b><br>Test class: com.epam.cdp.tests.PowCalTest<br>Parameters: 0, 0, 0</td>
<td><div><pre>java.lang.AssertionError: Invalid result of pow operation! did not expect to find [0.0] but found [1.0]
	at com.epam.cdp.tests.PowCalTest.PowTest(PowCalTest.java:11)
	at java.util.ArrayList.forEach(ArrayList.java:1257)
	at com.epam.cdp.tests.testng.Runner.main(Runner.java:24)
... Removed 28 stack frames</pre></div><a href='#' onClick='toggleBox("stack-trace31467689", this, "Click to show all stack frames", "Click to hide stack frames")'>Click to show all stack frames</a>
<div class='stack-trace' id='stack-trace31467689'><pre>java.lang.AssertionError: Invalid result of pow operation! did not expect to find [0.0] but found [1.0]
	at org.testng.Assert.fail(Assert.java:97)
	at org.testng.Assert.failNotEquals(Assert.java:969)
	at org.testng.Assert.assertEquals(Assert.java:640)
	at com.epam.cdp.tests.PowCalTest.PowTest(PowCalTest.java:11)
	at sun.reflect.NativeMethodAccessorImpl.invoke0(Native Method)
	at sun.reflect.NativeMethodAccessorImpl.invoke(NativeMethodAccessorImpl.java:62)
	at sun.reflect.DelegatingMethodAccessorImpl.invoke(DelegatingMethodAccessorImpl.java:43)
	at java.lang.reflect.Method.invoke(Method.java:498)
	at org.testng.internal.MethodInvocationHelper.invokeMethod(MethodInvocationHelper.java:133)
	at org.testng.internal.TestInvoker.invokeMethod(TestInvoker.java:584)
	at org.testng.internal.TestInvoker.invokeTestMethod(TestInvoker.java:172)
	at org.testng.internal.MethodRunner.runInSequence(MethodRunner.java:46)
	at org.testng.internal.TestInvoker$MethodInvocationAgent.invoke(TestInvoker.java:804)
	at org.testng.internal.TestInvoker.invokeTestMethods(TestInvoker.java:145)
	at org.testng.internal.TestMethodWorker.invokeTestMethods(TestMethodWorker.java:146)
	at org.testng.internal.TestMethodWorker.run(TestMethodWorker.java:128)
	at java.util.ArrayList.forEach(ArrayList.java:1257)
	at org.testng.TestRunner.privateRun(TestRunner.java:770)
	at org.testng.TestRunner.run(TestRunner.java:591)
	at org.testng.SuiteRunner.runTest(SuiteRunner.java:402)
	at org.testng.SuiteRunner.runSequentially(SuiteRunner.java:396)
	at org.testng.SuiteRunner.privateRun(SuiteRunner.java:355)
	at org.testng.SuiteRunner.run(SuiteRunner.java:304)
	at org.testng.SuiteRunnerWorker.runSuite(SuiteRunnerWorker.java:53)
	at org.testng.SuiteRunnerWorker.run(SuiteRunnerWorker.java:96)
	at org.testng.TestNG.runSuitesSequentially(TestNG.java:1180)
	at org.testng.TestNG.runSuitesSequentially(TestNG.java:1175)
	at org.testng.TestNG.runSuitesLocally(TestNG.java:1102)
	at org.testng.TestNG.runSuites(TestNG.java:1032)
	at org.testng.TestNG.run(TestNG.java:1000)
	at com.epam.cdp.tests.testng.Runner.main(Runner.java:24)
</pre></div></td>
<td>0</td>
<td>com.epam.cdp.tests.PowCalTest@1b52d12</td></tr>
<tr>
<td title='com.epam.cdp.tests.PowCalTest.PowTest()'><b>PowTest</b><br>Test class: com.epam.cdp.tests.PowCalTest<br>Parameters: -1, 10, 9</td>
<td><div><pre>java.lang.AssertionError: Invalid result of pow operation! did not expect to find [9.0] but found [1.0]
	at com.epam.cdp.tests.PowCalTest.PowTest(PowCalTest.java:11)
	at java.util.ArrayList.forEach(ArrayList.java:1257)
	at com.epam.cdp.tests.testng.Runner.main(Runner.java:24)
... Removed 28 stack frames</pre></div><a href='#' onClick='toggleBox("stack-trace30691851", this, "Click to show all stack frames", "Click to hide stack frames")'>Click to show all stack frames</a>
<div class='stack-trace' id='stack-trace30691851'><pre>java.lang.AssertionError: Invalid result of pow operation! did not expect to find [9.0] but found [1.0]
	at org.testng.Assert.fail(Assert.java:97)
	at org.testng.Assert.failNotEquals(Assert.java:969)
	at org.testng.Assert.assertEquals(Assert.java:640)
	at com.epam.cdp.tests.PowCalTest.PowTest(PowCalTest.java:11)
	at sun.reflect.NativeMethodAccessorImpl.invoke0(Native Method)
	at sun.reflect.NativeMethodAccessorImpl.invoke(NativeMethodAccessorImpl.java:62)
	at sun.reflect.DelegatingMethodAccessorImpl.invoke(DelegatingMethodAccessorImpl.java:43)
	at java.lang.reflect.Method.invoke(Method.java:498)
	at org.testng.internal.MethodInvocationHelper.invokeMethod(MethodInvocationHelper.java:133)
	at org.testng.internal.TestInvoker.invokeMethod(TestInvoker.java:584)
	at org.testng.internal.TestInvoker.invokeTestMethod(TestInvoker.java:172)
	at org.testng.internal.MethodRunner.runInSequence(MethodRunner.java:46)
	at org.testng.internal.TestInvoker$MethodInvocationAgent.invoke(TestInvoker.java:804)
	at org.testng.internal.TestInvoker.invokeTestMethods(TestInvoker.java:145)
	at org.testng.internal.TestMethodWorker.invokeTestMethods(TestMethodWorker.java:146)
	at org.testng.internal.TestMethodWorker.run(TestMethodWorker.java:128)
	at java.util.ArrayList.forEach(ArrayList.java:1257)
	at org.testng.TestRunner.privateRun(TestRunner.java:770)
	at org.testng.TestRunner.run(TestRunner.java:591)
	at org.testng.SuiteRunner.runTest(SuiteRunner.java:402)
	at org.testng.SuiteRunner.runSequentially(SuiteRunner.java:396)
	at org.testng.SuiteRunner.privateRun(SuiteRunner.java:355)
	at org.testng.SuiteRunner.run(SuiteRunner.java:304)
	at org.testng.SuiteRunnerWorker.runSuite(SuiteRunnerWorker.java:53)
	at org.testng.SuiteRunnerWorker.run(SuiteRunnerWorker.java:96)
	at org.testng.TestNG.runSuitesSequentially(TestNG.java:1180)
	at org.testng.TestNG.runSuitesSequentially(TestNG.java:1175)
	at org.testng.TestNG.runSuitesLocally(TestNG.java:1102)
	at org.testng.TestNG.runSuites(TestNG.java:1032)
	at org.testng.TestNG.run(TestNG.java:1000)
	at com.epam.cdp.tests.testng.Runner.main(Runner.java:24)
</pre></div></td>
<td>0</td>
<td>com.epam.cdp.tests.PowCalTest@1b52d12</td></tr>
<tr>
<td title='com.epam.cdp.tests.SinCalTest.SinTest()'><b>SinTest</b><br>Test class: com.epam.cdp.tests.SinCalTest<br>Parameters: 30, 0.5</td>
<td><div><pre>java.lang.AssertionError: Invalid result of sin operation! did not expect to find [0.5] but found [-0.9880316240928618]
	at com.epam.cdp.tests.SinCalTest.SinTest(SinCalTest.java:11)
	at java.util.ArrayList.forEach(ArrayList.java:1257)
	at com.epam.cdp.tests.testng.Runner.main(Runner.java:24)
... Removed 28 stack frames</pre></div><a href='#' onClick='toggleBox("stack-trace20375095", this, "Click to show all stack frames", "Click to hide stack frames")'>Click to show all stack frames</a>
<div class='stack-trace' id='stack-trace20375095'><pre>java.lang.AssertionError: Invalid result of sin operation! did not expect to find [0.5] but found [-0.9880316240928618]
	at org.testng.Assert.fail(Assert.java:97)
	at org.testng.Assert.failNotEquals(Assert.java:969)
	at org.testng.Assert.assertEquals(Assert.java:640)
	at com.epam.cdp.tests.SinCalTest.SinTest(SinCalTest.java:11)
	at sun.reflect.NativeMethodAccessorImpl.invoke0(Native Method)
	at sun.reflect.NativeMethodAccessorImpl.invoke(NativeMethodAccessorImpl.java:62)
	at sun.reflect.DelegatingMethodAccessorImpl.invoke(DelegatingMethodAccessorImpl.java:43)
	at java.lang.reflect.Method.invoke(Method.java:498)
	at org.testng.internal.MethodInvocationHelper.invokeMethod(MethodInvocationHelper.java:133)
	at org.testng.internal.TestInvoker.invokeMethod(TestInvoker.java:584)
	at org.testng.internal.TestInvoker.invokeTestMethod(TestInvoker.java:172)
	at org.testng.internal.MethodRunner.runInSequence(MethodRunner.java:46)
	at org.testng.internal.TestInvoker$MethodInvocationAgent.invoke(TestInvoker.java:804)
	at org.testng.internal.TestInvoker.invokeTestMethods(TestInvoker.java:145)
	at org.testng.internal.TestMethodWorker.invokeTestMethods(TestMethodWorker.java:146)
	at org.testng.internal.TestMethodWorker.run(TestMethodWorker.java:128)
	at java.util.ArrayList.forEach(ArrayList.java:1257)
	at org.testng.TestRunner.privateRun(TestRunner.java:770)
	at org.testng.TestRunner.run(TestRunner.java:591)
	at org.testng.SuiteRunner.runTest(SuiteRunner.java:402)
	at org.testng.SuiteRunner.runSequentially(SuiteRunner.java:396)
	at org.testng.SuiteRunner.privateRun(SuiteRunner.java:355)
	at org.testng.SuiteRunner.run(SuiteRunner.java:304)
	at org.testng.SuiteRunnerWorker.runSuite(SuiteRunnerWorker.java:53)
	at org.testng.SuiteRunnerWorker.run(SuiteRunnerWorker.java:96)
	at org.testng.TestNG.runSuitesSequentially(TestNG.java:1180)
	at org.testng.TestNG.runSuitesSequentially(TestNG.java:1175)
	at org.testng.TestNG.runSuitesLocally(TestNG.java:1102)
	at org.testng.TestNG.runSuites(TestNG.java:1032)
	at org.testng.TestNG.run(TestNG.java:1000)
	at com.epam.cdp.tests.testng.Runner.main(Runner.java:24)
</pre></div></td>
<td>0</td>
<td>com.epam.cdp.tests.SinCalTest@10f6bfd</td></tr>
<tr>
<td title='com.epam.cdp.tests.SinCalTest.SinTest()'><b>SinTest</b><br>Test class: com.epam.cdp.tests.SinCalTest<br>Parameters: 90, 1</td>
<td><div><pre>java.lang.AssertionError: Invalid result of sin operation! did not expect to find [1.0] but found [0.8939966636005579]
	at com.epam.cdp.tests.SinCalTest.SinTest(SinCalTest.java:11)
	at java.util.ArrayList.forEach(ArrayList.java:1257)
	at com.epam.cdp.tests.testng.Runner.main(Runner.java:24)
... Removed 28 stack frames</pre></div><a href='#' onClick='toggleBox("stack-trace25462435", this, "Click to show all stack frames", "Click to hide stack frames")'>Click to show all stack frames</a>
<div class='stack-trace' id='stack-trace25462435'><pre>java.lang.AssertionError: Invalid result of sin operation! did not expect to find [1.0] but found [0.8939966636005579]
	at org.testng.Assert.fail(Assert.java:97)
	at org.testng.Assert.failNotEquals(Assert.java:969)
	at org.testng.Assert.assertEquals(Assert.java:640)
	at com.epam.cdp.tests.SinCalTest.SinTest(SinCalTest.java:11)
	at sun.reflect.NativeMethodAccessorImpl.invoke0(Native Method)
	at sun.reflect.NativeMethodAccessorImpl.invoke(NativeMethodAccessorImpl.java:62)
	at sun.reflect.DelegatingMethodAccessorImpl.invoke(DelegatingMethodAccessorImpl.java:43)
	at java.lang.reflect.Method.invoke(Method.java:498)
	at org.testng.internal.MethodInvocationHelper.invokeMethod(MethodInvocationHelper.java:133)
	at org.testng.internal.TestInvoker.invokeMethod(TestInvoker.java:584)
	at org.testng.internal.TestInvoker.invokeTestMethod(TestInvoker.java:172)
	at org.testng.internal.MethodRunner.runInSequence(MethodRunner.java:46)
	at org.testng.internal.TestInvoker$MethodInvocationAgent.invoke(TestInvoker.java:804)
	at org.testng.internal.TestInvoker.invokeTestMethods(TestInvoker.java:145)
	at org.testng.internal.TestMethodWorker.invokeTestMethods(TestMethodWorker.java:146)
	at org.testng.internal.TestMethodWorker.run(TestMethodWorker.java:128)
	at java.util.ArrayList.forEach(ArrayList.java:1257)
	at org.testng.TestRunner.privateRun(TestRunner.java:770)
	at org.testng.TestRunner.run(TestRunner.java:591)
	at org.testng.SuiteRunner.runTest(SuiteRunner.java:402)
	at org.testng.SuiteRunner.runSequentially(SuiteRunner.java:396)
	at org.testng.SuiteRunner.privateRun(SuiteRunner.java:355)
	at org.testng.SuiteRunner.run(SuiteRunner.java:304)
	at org.testng.SuiteRunnerWorker.runSuite(SuiteRunnerWorker.java:53)
	at org.testng.SuiteRunnerWorker.run(SuiteRunnerWorker.java:96)
	at org.testng.TestNG.runSuitesSequentially(TestNG.java:1180)
	at org.testng.TestNG.runSuitesSequentially(TestNG.java:1175)
	at org.testng.TestNG.runSuitesLocally(TestNG.java:1102)
	at org.testng.TestNG.runSuites(TestNG.java:1032)
	at org.testng.TestNG.run(TestNG.java:1000)
	at com.epam.cdp.tests.testng.Runner.main(Runner.java:24)
</pre></div></td>
<td>0</td>
<td>com.epam.cdp.tests.SinCalTest@10f6bfd</td></tr>
<tr>
<td title='com.epam.cdp.tests.SinCalTest.SinTest()'><b>SinTest</b><br>Test class: com.epam.cdp.tests.SinCalTest<br>Parameters: 270, -1</td>
<td><div><pre>java.lang.AssertionError: Invalid result of sin operation! did not expect to find [-1.0] but found [-0.1760459464712114]
	at com.epam.cdp.tests.SinCalTest.SinTest(SinCalTest.java:11)
	at java.util.ArrayList.forEach(ArrayList.java:1257)
	at com.epam.cdp.tests.testng.Runner.main(Runner.java:24)
... Removed 28 stack frames</pre></div><a href='#' onClick='toggleBox("stack-trace18524506", this, "Click to show all stack frames", "Click to hide stack frames")'>Click to show all stack frames</a>
<div class='stack-trace' id='stack-trace18524506'><pre>java.lang.AssertionError: Invalid result of sin operation! did not expect to find [-1.0] but found [-0.1760459464712114]
	at org.testng.Assert.fail(Assert.java:97)
	at org.testng.Assert.failNotEquals(Assert.java:969)
	at org.testng.Assert.assertEquals(Assert.java:640)
	at com.epam.cdp.tests.SinCalTest.SinTest(SinCalTest.java:11)
	at sun.reflect.NativeMethodAccessorImpl.invoke0(Native Method)
	at sun.reflect.NativeMethodAccessorImpl.invoke(NativeMethodAccessorImpl.java:62)
	at sun.reflect.DelegatingMethodAccessorImpl.invoke(DelegatingMethodAccessorImpl.java:43)
	at java.lang.reflect.Method.invoke(Method.java:498)
	at org.testng.internal.MethodInvocationHelper.invokeMethod(MethodInvocationHelper.java:133)
	at org.testng.internal.TestInvoker.invokeMethod(TestInvoker.java:584)
	at org.testng.internal.TestInvoker.invokeTestMethod(TestInvoker.java:172)
	at org.testng.internal.MethodRunner.runInSequence(MethodRunner.java:46)
	at org.testng.internal.TestInvoker$MethodInvocationAgent.invoke(TestInvoker.java:804)
	at org.testng.internal.TestInvoker.invokeTestMethods(TestInvoker.java:145)
	at org.testng.internal.TestMethodWorker.invokeTestMethods(TestMethodWorker.java:146)
	at org.testng.internal.TestMethodWorker.run(TestMethodWorker.java:128)
	at java.util.ArrayList.forEach(ArrayList.java:1257)
	at org.testng.TestRunner.privateRun(TestRunner.java:770)
	at org.testng.TestRunner.run(TestRunner.java:591)
	at org.testng.SuiteRunner.runTest(SuiteRunner.java:402)
	at org.testng.SuiteRunner.runSequentially(SuiteRunner.java:396)
	at org.testng.SuiteRunner.privateRun(SuiteRunner.java:355)
	at org.testng.SuiteRunner.run(SuiteRunner.java:304)
	at org.testng.SuiteRunnerWorker.runSuite(SuiteRunnerWorker.java:53)
	at org.testng.SuiteRunnerWorker.run(SuiteRunnerWorker.java:96)
	at org.testng.TestNG.runSuitesSequentially(TestNG.java:1180)
	at org.testng.TestNG.runSuitesSequentially(TestNG.java:1175)
	at org.testng.TestNG.runSuitesLocally(TestNG.java:1102)
	at org.testng.TestNG.runSuites(TestNG.java:1032)
	at org.testng.TestNG.run(TestNG.java:1000)
	at com.epam.cdp.tests.testng.Runner.main(Runner.java:24)
</pre></div></td>
<td>0</td>
<td>com.epam.cdp.tests.SinCalTest@10f6bfd</td></tr>
<tr>
<td title='com.epam.cdp.tests.CtgCalTest.TgTest()'><b>TgTest</b><br>Test class: com.epam.cdp.tests.CtgCalTest<br>Parameters: 90, 0</td>
<td><div><pre>java.lang.AssertionError: Invalid result of ctg operation! did not expect to find [0.0] but found [1.0]
	at com.epam.cdp.tests.CtgCalTest.TgTest(CtgCalTest.java:11)
	at java.util.ArrayList.forEach(ArrayList.java:1257)
	at com.epam.cdp.tests.testng.Runner.main(Runner.java:24)
... Removed 28 stack frames</pre></div><a href='#' onClick='toggleBox("stack-trace16860115", this, "Click to show all stack frames", "Click to hide stack frames")'>Click to show all stack frames</a>
<div class='stack-trace' id='stack-trace16860115'><pre>java.lang.AssertionError: Invalid result of ctg operation! did not expect to find [0.0] but found [1.0]
	at org.testng.Assert.fail(Assert.java:97)
	at org.testng.Assert.failNotEquals(Assert.java:969)
	at org.testng.Assert.assertEquals(Assert.java:640)
	at com.epam.cdp.tests.CtgCalTest.TgTest(CtgCalTest.java:11)
	at sun.reflect.NativeMethodAccessorImpl.invoke0(Native Method)
	at sun.reflect.NativeMethodAccessorImpl.invoke(NativeMethodAccessorImpl.java:62)
	at sun.reflect.DelegatingMethodAccessorImpl.invoke(DelegatingMethodAccessorImpl.java:43)
	at java.lang.reflect.Method.invoke(Method.java:498)
	at org.testng.internal.MethodInvocationHelper.invokeMethod(MethodInvocationHelper.java:133)
	at org.testng.internal.TestInvoker.invokeMethod(TestInvoker.java:584)
	at org.testng.internal.TestInvoker.invokeTestMethod(TestInvoker.java:172)
	at org.testng.internal.MethodRunner.runInSequence(MethodRunner.java:46)
	at org.testng.internal.TestInvoker$MethodInvocationAgent.invoke(TestInvoker.java:804)
	at org.testng.internal.TestInvoker.invokeTestMethods(TestInvoker.java:145)
	at org.testng.internal.TestMethodWorker.invokeTestMethods(TestMethodWorker.java:146)
	at org.testng.internal.TestMethodWorker.run(TestMethodWorker.java:128)
	at java.util.ArrayList.forEach(ArrayList.java:1257)
	at org.testng.TestRunner.privateRun(TestRunner.java:770)
	at org.testng.TestRunner.run(TestRunner.java:591)
	at org.testng.SuiteRunner.runTest(SuiteRunner.java:402)
	at org.testng.SuiteRunner.runSequentially(SuiteRunner.java:396)
	at org.testng.SuiteRunner.privateRun(SuiteRunner.java:355)
	at org.testng.SuiteRunner.run(SuiteRunner.java:304)
	at org.testng.SuiteRunnerWorker.runSuite(SuiteRunnerWorker.java:53)
	at org.testng.SuiteRunnerWorker.run(SuiteRunnerWorker.java:96)
	at org.testng.TestNG.runSuitesSequentially(TestNG.java:1180)
	at org.testng.TestNG.runSuitesSequentially(TestNG.java:1175)
	at org.testng.TestNG.runSuitesLocally(TestNG.java:1102)
	at org.testng.TestNG.runSuites(TestNG.java:1032)
	at org.testng.TestNG.run(TestNG.java:1000)
	at com.epam.cdp.tests.testng.Runner.main(Runner.java:24)
</pre></div></td>
<td>0</td>
<td>com.epam.cdp.tests.CtgCalTest@181a1bc</td></tr>
<tr>
<td title='com.epam.cdp.tests.CtgCalTest.TgTest()'><b>TgTest</b><br>Test class: com.epam.cdp.tests.CtgCalTest<br>Parameters: 270, 0</td>
<td><div><pre>java.lang.AssertionError: Invalid result of ctg operation! did not expect to find [0.0] but found [1.0]
	at com.epam.cdp.tests.CtgCalTest.TgTest(CtgCalTest.java:11)
	at java.util.ArrayList.forEach(ArrayList.java:1257)
	at com.epam.cdp.tests.testng.Runner.main(Runner.java:24)
... Removed 28 stack frames</pre></div><a href='#' onClick='toggleBox("stack-trace9331209", this, "Click to show all stack frames", "Click to hide stack frames")'>Click to show all stack frames</a>
<div class='stack-trace' id='stack-trace9331209'><pre>java.lang.AssertionError: Invalid result of ctg operation! did not expect to find [0.0] but found [1.0]
	at org.testng.Assert.fail(Assert.java:97)
	at org.testng.Assert.failNotEquals(Assert.java:969)
	at org.testng.Assert.assertEquals(Assert.java:640)
	at com.epam.cdp.tests.CtgCalTest.TgTest(CtgCalTest.java:11)
	at sun.reflect.NativeMethodAccessorImpl.invoke0(Native Method)
	at sun.reflect.NativeMethodAccessorImpl.invoke(NativeMethodAccessorImpl.java:62)
	at sun.reflect.DelegatingMethodAccessorImpl.invoke(DelegatingMethodAccessorImpl.java:43)
	at java.lang.reflect.Method.invoke(Method.java:498)
	at org.testng.internal.MethodInvocationHelper.invokeMethod(MethodInvocationHelper.java:133)
	at org.testng.internal.TestInvoker.invokeMethod(TestInvoker.java:584)
	at org.testng.internal.TestInvoker.invokeTestMethod(TestInvoker.java:172)
	at org.testng.internal.MethodRunner.runInSequence(MethodRunner.java:46)
	at org.testng.internal.TestInvoker$MethodInvocationAgent.invoke(TestInvoker.java:804)
	at org.testng.internal.TestInvoker.invokeTestMethods(TestInvoker.java:145)
	at org.testng.internal.TestMethodWorker.invokeTestMethods(TestMethodWorker.java:146)
	at org.testng.internal.TestMethodWorker.run(TestMethodWorker.java:128)
	at java.util.ArrayList.forEach(ArrayList.java:1257)
	at org.testng.TestRunner.privateRun(TestRunner.java:770)
	at org.testng.TestRunner.run(TestRunner.java:591)
	at org.testng.SuiteRunner.runTest(SuiteRunner.java:402)
	at org.testng.SuiteRunner.runSequentially(SuiteRunner.java:396)
	at org.testng.SuiteRunner.privateRun(SuiteRunner.java:355)
	at org.testng.SuiteRunner.run(SuiteRunner.java:304)
	at org.testng.SuiteRunnerWorker.runSuite(SuiteRunnerWorker.java:53)
	at org.testng.SuiteRunnerWorker.run(SuiteRunnerWorker.java:96)
	at org.testng.TestNG.runSuitesSequentially(TestNG.java:1180)
	at org.testng.TestNG.runSuitesSequentially(TestNG.java:1175)
	at org.testng.TestNG.runSuitesLocally(TestNG.java:1102)
	at org.testng.TestNG.runSuites(TestNG.java:1032)
	at org.testng.TestNG.run(TestNG.java:1000)
	at com.epam.cdp.tests.testng.Runner.main(Runner.java:24)
</pre></div></td>
<td>0</td>
<td>com.epam.cdp.tests.CtgCalTest@181a1bc</td></tr>
<tr>
<td title='com.epam.cdp.tests.MultCalTest.doubleOneMultTwoTest()'><b>doubleOneMultTwoTest</b><br>Test class: com.epam.cdp.tests.MultCalTest<br>Parameters: 1.5, 3, 4.5</td>
<td><div><pre>java.lang.AssertionError: Invalid result of mult operation! did not expect to find [4.5] but found [4.0]
	at com.epam.cdp.tests.MultCalTest.doubleOneMultTwoTest(MultCalTest.java:26)
	at java.util.ArrayList.forEach(ArrayList.java:1257)
	at com.epam.cdp.tests.testng.Runner.main(Runner.java:24)
... Removed 28 stack frames</pre></div><a href='#' onClick='toggleBox("stack-trace11035478", this, "Click to show all stack frames", "Click to hide stack frames")'>Click to show all stack frames</a>
<div class='stack-trace' id='stack-trace11035478'><pre>java.lang.AssertionError: Invalid result of mult operation! did not expect to find [4.5] but found [4.0]
	at org.testng.Assert.fail(Assert.java:97)
	at org.testng.Assert.failNotEquals(Assert.java:969)
	at org.testng.Assert.assertEquals(Assert.java:640)
	at com.epam.cdp.tests.MultCalTest.doubleOneMultTwoTest(MultCalTest.java:26)
	at sun.reflect.NativeMethodAccessorImpl.invoke0(Native Method)
	at sun.reflect.NativeMethodAccessorImpl.invoke(NativeMethodAccessorImpl.java:62)
	at sun.reflect.DelegatingMethodAccessorImpl.invoke(DelegatingMethodAccessorImpl.java:43)
	at java.lang.reflect.Method.invoke(Method.java:498)
	at org.testng.internal.MethodInvocationHelper.invokeMethod(MethodInvocationHelper.java:133)
	at org.testng.internal.TestInvoker.invokeMethod(TestInvoker.java:584)
	at org.testng.internal.TestInvoker.invokeTestMethod(TestInvoker.java:172)
	at org.testng.internal.MethodRunner.runInSequence(MethodRunner.java:46)
	at org.testng.internal.TestInvoker$MethodInvocationAgent.invoke(TestInvoker.java:804)
	at org.testng.internal.TestInvoker.invokeTestMethods(TestInvoker.java:145)
	at org.testng.internal.TestMethodWorker.invokeTestMethods(TestMethodWorker.java:146)
	at org.testng.internal.TestMethodWorker.run(TestMethodWorker.java:128)
	at java.util.ArrayList.forEach(ArrayList.java:1257)
	at org.testng.TestRunner.privateRun(TestRunner.java:770)
	at org.testng.TestRunner.run(TestRunner.java:591)
	at org.testng.SuiteRunner.runTest(SuiteRunner.java:402)
	at org.testng.SuiteRunner.runSequentially(SuiteRunner.java:396)
	at org.testng.SuiteRunner.privateRun(SuiteRunner.java:355)
	at org.testng.SuiteRunner.run(SuiteRunner.java:304)
	at org.testng.SuiteRunnerWorker.runSuite(SuiteRunnerWorker.java:53)
	at org.testng.SuiteRunnerWorker.run(SuiteRunnerWorker.java:96)
	at org.testng.TestNG.runSuitesSequentially(TestNG.java:1180)
	at org.testng.TestNG.runSuitesSequentially(TestNG.java:1175)
	at org.testng.TestNG.runSuitesLocally(TestNG.java:1102)
	at org.testng.TestNG.runSuites(TestNG.java:1032)
	at org.testng.TestNG.run(TestNG.java:1000)
	at com.epam.cdp.tests.testng.Runner.main(Runner.java:24)
</pre></div></td>
<td>0</td>
<td>com.epam.cdp.tests.MultCalTest@1f256fa</td></tr>
</table><p>
<table width='100%' border='1' class='invocation-passed'>
<tr><td colspan='4' align='center'><b>PASSED TESTS</b></td></tr>
<tr><td><b>Test method</b></td>
<td width="30%"><b>Exception</b></td>
<td width="10%"><b>Time (seconds)</b></td>
<td><b>Instance</b></td>
</tr>
<tr>
<td title='com.epam.cdp.tests.IsNegativeCalTest.IsNegativeTest()'><b>IsNegativeTest</b><br>Test class: com.epam.cdp.tests.IsNegativeCalTest<br>Parameters: 0, false</td>
<td></td>
<td>0</td>
<td>com.epam.cdp.tests.IsNegativeCalTest@bc464</td></tr>
<tr>
<td title='com.epam.cdp.tests.IsNegativeCalTest.IsNegativeTest()'><b>IsNegativeTest</b><br>Test class: com.epam.cdp.tests.IsNegativeCalTest<br>Parameters: 1, false</td>
<td></td>
<td>0</td>
<td>com.epam.cdp.tests.IsNegativeCalTest@bc464</td></tr>
<tr>
<td title='com.epam.cdp.tests.IsNegativeCalTest.IsNegativeTest()'><b>IsNegativeTest</b><br>Test class: com.epam.cdp.tests.IsNegativeCalTest<br>Parameters: 90, false</td>
<td></td>
<td>0</td>
<td>com.epam.cdp.tests.IsNegativeCalTest@bc464</td></tr>
<tr>
<td title='com.epam.cdp.tests.IsNegativeCalTest.IsNegativeTest()'><b>IsNegativeTest</b><br>Test class: com.epam.cdp.tests.IsNegativeCalTest<br>Parameters: -2, true</td>
<td></td>
<td>0</td>
<td>com.epam.cdp.tests.IsNegativeCalTest@bc464</td></tr>
<tr>
<td title='com.epam.cdp.tests.IsPositiveCalTest.IsPositiveTest()'><b>IsPositiveTest</b><br>Test class: com.epam.cdp.tests.IsPositiveCalTest<br>Parameters: 0, false</td>
<td></td>
<td>0</td>
<td>com.epam.cdp.tests.IsPositiveCalTest@1624da6</td></tr>
<tr>
<td title='com.epam.cdp.tests.IsPositiveCalTest.IsPositiveTest()'><b>IsPositiveTest</b><br>Test class: com.epam.cdp.tests.IsPositiveCalTest<br>Parameters: 1, true</td>
<td></td>
<td>0</td>
<td>com.epam.cdp.tests.IsPositiveCalTest@1624da6</td></tr>
<tr>
<td title='com.epam.cdp.tests.IsPositiveCalTest.IsPositiveTest()'><b>IsPositiveTest</b><br>Test class: com.epam.cdp.tests.IsPositiveCalTest<br>Parameters: 90, true</td>
<td></td>
<td>0</td>
<td>com.epam.cdp.tests.IsPositiveCalTest@1624da6</td></tr>
<tr>
<td title='com.epam.cdp.tests.IsPositiveCalTest.IsPositiveTest()'><b>IsPositiveTest</b><br>Test class: com.epam.cdp.tests.IsPositiveCalTest<br>Parameters: -2, false</td>
<td></td>
<td>0</td>
<td>com.epam.cdp.tests.IsPositiveCalTest@1624da6</td></tr>
<tr>
<td title='com.epam.cdp.tests.SinCalTest.SinTest()'><b>SinTest</b><br>Test class: com.epam.cdp.tests.SinCalTest<br>Parameters: 0, 0</td>
<td></td>
<td>0</td>
<td>com.epam.cdp.tests.SinCalTest@10f6bfd</td></tr>
<tr>
<td title='com.epam.cdp.tests.SqrtCalTest.SqrtTest()'><b>SqrtTest</b><br>Test class: com.epam.cdp.tests.SqrtCalTest<br>Parameters: 4, 2</td>
<td></td>
<td>0</td>
<td>com.epam.cdp.tests.SqrtCalTest@1a03464</td></tr>
<tr>
<td title='com.epam.cdp.tests.SqrtCalTest.SqrtTest()'><b>SqrtTest</b><br>Test class: com.epam.cdp.tests.SqrtCalTest<br>Parameters: 9, 3</td>
<td></td>
<td>0</td>
<td>com.epam.cdp.tests.SqrtCalTest@1a03464</td></tr>
<tr>
<td title='com.epam.cdp.tests.SqrtCalTest.SqrtTest()'><b>SqrtTest</b><br>Test class: com.epam.cdp.tests.SqrtCalTest<br>Parameters: 16, 4</td>
<td></td>
<td>0</td>
<td>com.epam.cdp.tests.SqrtCalTest@1a03464</td></tr>
<tr>
<td title='com.epam.cdp.tests.SqrtCalTest.SqrtTest()'><b>SqrtTest</b><br>Test class: com.epam.cdp.tests.SqrtCalTest<br>Parameters: 100, 10</td>
<td></td>
<td>0</td>
<td>com.epam.cdp.tests.SqrtCalTest@1a03464</td></tr>
<tr>
<td title='com.epam.cdp.tests.CtgCalTest.TgTest()'><b>TgTest</b><br>Test class: com.epam.cdp.tests.CtgCalTest<br>Parameters: 45, 1</td>
<td></td>
<td>0</td>
<td>com.epam.cdp.tests.CtgCalTest@181a1bc</td></tr>
<tr>
<td title='com.epam.cdp.tests.DivCalTest.doubleOneDivTwoTest()'><b>doubleOneDivTwoTest</b><br>Test class: com.epam.cdp.tests.DivCalTest<br>Parameters: 1.5, 3, 0.5</td>
<td></td>
<td>0</td>
<td>com.epam.cdp.tests.DivCalTest@18c7aca</td></tr>
<tr>
<td title='com.epam.cdp.tests.DivCalTest.doubleOneDivTwoTest()'><b>doubleOneDivTwoTest</b><br>Test class: com.epam.cdp.tests.DivCalTest<br>Parameters: 3, -1.5, -2.0</td>
<td></td>
<td>0</td>
<td>com.epam.cdp.tests.DivCalTest@18c7aca</td></tr>
<tr>
<td title='com.epam.cdp.tests.DivCalTest.doubleOneDivTwoTest()'><b>doubleOneDivTwoTest</b><br>Test class: com.epam.cdp.tests.DivCalTest<br>Parameters: 0.0, 1, 0.0</td>
<td></td>
<td>0</td>
<td>com.epam.cdp.tests.DivCalTest@18c7aca</td></tr>
<tr>
<td title='com.epam.cdp.tests.DivCalTest.doubleOneDivTwoTest()'><b>doubleOneDivTwoTest</b><br>Test class: com.epam.cdp.tests.DivCalTest<br>Parameters: -1.55, -1.55, 1.0</td>
<td></td>
<td>0</td>
<td>com.epam.cdp.tests.DivCalTest@18c7aca</td></tr>
<tr>
<td title='com.epam.cdp.tests.MultCalTest.doubleOneMultTwoTest()'><b>doubleOneMultTwoTest</b><br>Test class: com.epam.cdp.tests.MultCalTest<br>Parameters: 10, -1.5, -15.0</td>
<td></td>
<td>0</td>
<td>com.epam.cdp.tests.MultCalTest@1f256fa</td></tr>
<tr>
<td title='com.epam.cdp.tests.MultCalTest.doubleOneMultTwoTest()'><b>doubleOneMultTwoTest</b><br>Test class: com.epam.cdp.tests.MultCalTest<br>Parameters: 0.0, 0.0, 0.0</td>
<td></td>
<td>0</td>
<td>com.epam.cdp.tests.MultCalTest@1f256fa</td></tr>
<tr>
<td title='com.epam.cdp.tests.MultCalTest.doubleOneMultTwoTest()'><b>doubleOneMultTwoTest</b><br>Test class: com.epam.cdp.tests.MultCalTest<br>Parameters: -1.55, -100, 155.0</td>
<td></td>
<td>0</td>
<td>com.epam.cdp.tests.MultCalTest@1f256fa</td></tr>
<tr>
<td title='com.epam.cdp.tests.DivCalTest.oneDivTwoTest()'><b>oneDivTwoTest</b><br>Test class: com.epam.cdp.tests.DivCalTest<br>Parameters: 6, 3, 2</td>
<td></td>
<td>0</td>
<td>com.epam.cdp.tests.DivCalTest@18c7aca</td></tr>
<tr>
<td title='com.epam.cdp.tests.DivCalTest.oneDivTwoTest()'><b>oneDivTwoTest</b><br>Test class: com.epam.cdp.tests.DivCalTest<br>Parameters: 10, -1, -10</td>
<td></td>
<td>0</td>
<td>com.epam.cdp.tests.DivCalTest@18c7aca</td></tr>
<tr>
<td title='com.epam.cdp.tests.DivCalTest.oneDivTwoTest()'><b>oneDivTwoTest</b><br>Test class: com.epam.cdp.tests.DivCalTest<br>Parameters: 0, 1, 0</td>
<td></td>
<td>0</td>
<td>com.epam.cdp.tests.DivCalTest@18c7aca</td></tr>
<tr>
<td title='com.epam.cdp.tests.DivCalTest.oneDivTwoTest()'><b>oneDivTwoTest</b><br>Test class: com.epam.cdp.tests.DivCalTest<br>Parameters: -10, -10, 1</td>
<td></td>
<td>0</td>
<td>com.epam.cdp.tests.DivCalTest@18c7aca</td></tr>
<tr>
<td title='com.epam.cdp.tests.MultCalTest.oneMultTwoTest()'><b>oneMultTwoTest</b><br>Test class: com.epam.cdp.tests.MultCalTest<br>Parameters: 5, 3, 15</td>
<td></td>
<td>0</td>
<td>com.epam.cdp.tests.MultCalTest@1f256fa</td></tr>
<tr>
<td title='com.epam.cdp.tests.MultCalTest.oneMultTwoTest()'><b>oneMultTwoTest</b><br>Test class: com.epam.cdp.tests.MultCalTest<br>Parameters: 10, -1, -10</td>
<td></td>
<td>0</td>
<td>com.epam.cdp.tests.MultCalTest@1f256fa</td></tr>
<tr>
<td title='com.epam.cdp.tests.MultCalTest.oneMultTwoTest()'><b>oneMultTwoTest</b><br>Test class: com.epam.cdp.tests.MultCalTest<br>Parameters: 0, 0, 0</td>
<td></td>
<td>0</td>
<td>com.epam.cdp.tests.MultCalTest@1f256fa</td></tr>
<tr>
<td title='com.epam.cdp.tests.MultCalTest.oneMultTwoTest()'><b>oneMultTwoTest</b><br>Test class: com.epam.cdp.tests.MultCalTest<br>Parameters: 6, 10, 60</td>
<td></td>
<td>0</td>
<td>com.epam.cdp.tests.MultCalTest@1f256fa</td></tr>
<tr>
<td title='com.epam.cdp.tests.SumCalTest.onePlusTwo()'><b>onePlusTwo</b><br>Test class: com.epam.cdp.tests.SumCalTest<br>Parameters: 10, 23, 33</td>
<td></td>
<td>0</td>
<td>com.epam.cdp.tests.SumCalTest@1f983a6</td></tr>
<tr>
<td title='com.epam.cdp.tests.SumCalTest.onePlusTwo()'><b>onePlusTwo</b><br>Test class: com.epam.cdp.tests.SumCalTest<br>Parameters: 10, -1, 9</td>
<td></td>
<td>0</td>
<td>com.epam.cdp.tests.SumCalTest@1f983a6</td></tr>
<tr>
<td title='com.epam.cdp.tests.SumCalTest.onePlusTwo()'><b>onePlusTwo</b><br>Test class: com.epam.cdp.tests.SumCalTest<br>Parameters: 0, 0, 0</td>
<td></td>
<td>0</td>
<td>com.epam.cdp.tests.SumCalTest@1f983a6</td></tr>
<tr>
<td title='com.epam.cdp.tests.SumCalTest.onePlusTwo()'><b>onePlusTwo</b><br>Test class: com.epam.cdp.tests.SumCalTest<br>Parameters: -1, 10, 9</td>
<td></td>
<td>0</td>
<td>com.epam.cdp.tests.SumCalTest@1f983a6</td></tr>
<tr>
<td title='com.epam.cdp.tests.SubCalTest.twoMinusOne()'><b>twoMinusOne</b><br>Test class: com.epam.cdp.tests.SubCalTest<br>Parameters: 10, 23, -13</td>
<td></td>
<td>0</td>
<td>com.epam.cdp.tests.SubCalTest@194a1b5</td></tr>
<tr>
<td title='com.epam.cdp.tests.SubCalTest.twoMinusOne()'><b>twoMinusOne</b><br>Test class: com.epam.cdp.tests.SubCalTest<br>Parameters: 10, -1, 11</td>
<td></td>
<td>0</td>
<td>com.epam.cdp.tests.SubCalTest@194a1b5</td></tr>
<tr>
<td title='com.epam.cdp.tests.SubCalTest.twoMinusOne()'><b>twoMinusOne</b><br>Test class: com.epam.cdp.tests.SubCalTest<br>Parameters: 0, 0, 0</td>
<td></td>
<td>0</td>
<td>com.epam.cdp.tests.SubCalTest@194a1b5</td></tr>
<tr>
<td title='com.epam.cdp.tests.SubCalTest.twoMinusOne()'><b>twoMinusOne</b><br>Test class: com.epam.cdp.tests.SubCalTest<br>Parameters: 21, 10, 11</td>
<td></td>
<td>0</td>
<td>com.epam.cdp.tests.SubCalTest@194a1b5</td></tr>
</table><p>
</body>
</html>