<?xml version="1.0" encoding="UTF-8"?>
<!-- Generated by org.testng.reporters.JUnitXMLReporter -->
<testsuite hostname="DESKTOP-EU5RSED" ignored="0" name="Tg Cal Test" tests="4" failures="3" timestamp="2019-08-20T20:42:20 GMT+04:00" time="0.004" errors="0">
  <testcase name="TgTest" time="0.0" classname="com.epam.cdp.tests.testng.TgCalTest">
    <failure type="java.lang.AssertionError" message="Invalid result of tg operation! did not expect to find [0.0] but found [NaN]">
      <![CDATA[java.lang.AssertionError: Invalid result of tg operation! did not expect to find [0.0] but found [NaN]
at com.epam.cdp.tests.testng.TgCalTest.TgTest(TgCalTest.java:11)
at java.util.ArrayList.forEach(ArrayList.java:1257)
at com.epam.cdp.tests.testng.Runner.main(Runner.java:24)
... Removed 28 stack frames]]>
    </failure>
  </testcase> <!-- TgTest -->
  <testcase name="TgTest" time="0.0" classname="com.epam.cdp.tests.testng.TgCalTest"/>
  <testcase name="TgTest" time="0.0" classname="com.epam.cdp.tests.testng.TgCalTest">
    <failure type="java.lang.AssertionError" message="Invalid result of tg operation! did not expect to find [0.0] but found [1.0]">
      <![CDATA[java.lang.AssertionError: Invalid result of tg operation! did not expect to find [0.0] but found [1.0]
at com.epam.cdp.tests.testng.TgCalTest.TgTest(TgCalTest.java:11)
at java.util.ArrayList.forEach(ArrayList.java:1257)
at com.epam.cdp.tests.testng.Runner.main(Runner.java:24)
... Removed 28 stack frames]]>
    </failure>
  </testcase> <!-- TgTest -->
  <testcase name="TgTest" time="0.0" classname="com.epam.cdp.tests.testng.TgCalTest">
    <failure type="java.lang.AssertionError" message="Invalid result of tg operation! did not expect to find [0.0] but found [1.0]">
      <![CDATA[java.lang.AssertionError: Invalid result of tg operation! did not expect to find [0.0] but found [1.0]
at com.epam.cdp.tests.testng.TgCalTest.TgTest(TgCalTest.java:11)
at java.util.ArrayList.forEach(ArrayList.java:1257)
at com.epam.cdp.tests.testng.Runner.main(Runner.java:24)
... Removed 28 stack frames]]>
    </failure>
  </testcase> <!-- TgTest -->
</testsuite> <!-- Tg Cal Test -->
